2026-02-11T04:51:52: 
2026-02-11T04:51:52: > cakrapamungkas-org@1.0.0 start
2026-02-11T04:51:52: > next start
2026-02-11T04:51:52: 
2026-02-11T04:51:52: ▲ Next.js 16.1.6
2026-02-11T04:51:52: - Local:         http://localhost:3001
2026-02-11T04:51:52: - Network:       http://212.85.26.253:3001
2026-02-11T04:51:52: 
2026-02-11T04:51:52: ✓ Starting...
2026-02-11T04:51:53: ⚠ "next start" does not work with "output: standalone" configuration. Use "node .next/standalone/server.js" instead.
2026-02-11T04:51:53: ✓ Ready in 545ms
2026-02-11T05:30:26: 
2026-02-11T05:30:26: > cakrapamungkas-org@1.0.0 start
2026-02-11T05:30:26: > next start
2026-02-11T05:30:26: 
2026-02-11T05:30:26: ▲ Next.js 16.1.6
2026-02-11T05:30:26: - Local:         http://localhost:3001
2026-02-11T05:30:26: - Network:       http://212.85.26.253:3001
2026-02-11T05:30:26: 
2026-02-11T05:30:26: ✓ Starting...
2026-02-11T05:30:26: ⚠ "next start" does not work with "output: standalone" configuration. Use "node .next/standalone/server.js" instead.
2026-02-11T05:30:26: ✓ Ready in 481ms
2026-02-11T05:51:22: 
2026-02-11T05:51:22: > cakrapamungkas-org@1.0.0 start
2026-02-11T05:51:22: > next start
2026-02-11T05:51:22: 
2026-02-11T05:51:22: ▲ Next.js 16.1.6
2026-02-11T05:51:22: - Local:         http://localhost:3001
2026-02-11T05:51:22: - Network:       http://212.85.26.253:3001
2026-02-11T05:51:22: 
2026-02-11T05:51:22: ✓ Starting...
2026-02-11T05:51:22: ⚠ "next start" does not work with "output: standalone" configuration. Use "node .next/standalone/server.js" instead.
2026-02-11T05:51:22: ✓ Ready in 477ms
2026-02-11T06:02:23: 
2026-02-11T06:02:23: > cakrapamungkas-org@1.0.0 start
2026-02-11T06:02:23: > next start
2026-02-11T06:02:23: 
2026-02-11T06:02:23: ▲ Next.js 16.1.6
2026-02-11T06:02:23: - Local:         http://localhost:3001
2026-02-11T06:02:23: - Network:       http://212.85.26.253:3001
2026-02-11T06:02:23: 
2026-02-11T06:02:23: ✓ Starting...
2026-02-11T06:02:24: ⚠ "next start" does not work with "output: standalone" configuration. Use "node .next/standalone/server.js" instead.
2026-02-11T06:02:24: ✓ Ready in 466ms
2026-02-11T09:19:30: 
2026-02-11T09:19:30: > cakrapamungkas-org@1.0.0 start
2026-02-11T09:19:30: > next start
2026-02-11T09:19:30: 
