2026-02-11T04:51:52: 
2026-02-11T04:51:52: > cakrapamungkas-org@1.0.0 start
2026-02-11T04:51:52: > next start
2026-02-11T04:51:52: 
2026-02-11T04:51:52: ▲ Next.js 16.1.6
2026-02-11T04:51:52: - Local:         http://localhost:3001
2026-02-11T04:51:52: - Network:       http://212.85.26.253:3001
2026-02-11T04:51:52: 
2026-02-11T04:51:52: ✓ Starting...
2026-02-11T04:51:53: ✓ Ready in 545ms
2026-02-11T05:30:26: 
2026-02-11T05:30:26: > cakrapamungkas-org@1.0.0 start
2026-02-11T05:30:26: > next start
2026-02-11T05:30:26: 
2026-02-11T05:30:26: ▲ Next.js 16.1.6
2026-02-11T05:30:26: - Local:         http://localhost:3001
2026-02-11T05:30:26: - Network:       http://212.85.26.253:3001
2026-02-11T05:30:26: 
2026-02-11T05:30:26: ✓ Starting...
2026-02-11T05:30:26: ✓ Ready in 481ms
2026-02-11T05:51:22: 
2026-02-11T05:51:22: > cakrapamungkas-org@1.0.0 start
2026-02-11T05:51:22: > next start
2026-02-11T05:51:22: 
2026-02-11T05:51:22: ▲ Next.js 16.1.6
2026-02-11T05:51:22: - Local:         http://localhost:3001
2026-02-11T05:51:22: - Network:       http://212.85.26.253:3001
2026-02-11T05:51:22: 
2026-02-11T05:51:22: ✓ Starting...
2026-02-11T05:51:22: ✓ Ready in 477ms
2026-02-11T06:02:23: 
2026-02-11T06:02:23: > cakrapamungkas-org@1.0.0 start
2026-02-11T06:02:23: > next start
2026-02-11T06:02:23: 
2026-02-11T06:02:23: ▲ Next.js 16.1.6
2026-02-11T06:02:23: - Local:         http://localhost:3001
2026-02-11T06:02:23: - Network:       http://212.85.26.253:3001
2026-02-11T06:02:23: 
2026-02-11T06:02:23: ✓ Starting...
2026-02-11T06:02:24: ✓ Ready in 466ms
2026-02-11T09:19:30: 
2026-02-11T09:19:30: > cakrapamungkas-org@1.0.0 start
2026-02-11T09:19:30: > next start
2026-02-11T09:19:30: 
2026-02-11T09:19:31: ▲ Next.js 16.1.6
2026-02-11T09:19:31: - Local:         http://localhost:3001
2026-02-11T09:19:31: - Network:       http://212.85.26.253:3001
2026-02-11T09:19:31: 
2026-02-11T09:19:31: ✓ Starting...
2026-02-11T09:19:31: ✓ Ready in 496ms
2026-02-11T10:34:26: 
2026-02-11T10:34:26: > cakrapamungkas-org@1.0.0 start
2026-02-11T10:34:26: > next start
2026-02-11T10:34:26: 
2026-02-11T10:34:27: ▲ Next.js 16.1.6
2026-02-11T10:34:27: - Local:         http://localhost:3001
2026-02-11T10:34:27: - Network:       http://212.85.26.253:3001
2026-02-11T10:34:27: 
2026-02-11T10:34:27: ✓ Starting...
2026-02-11T10:34:27: ✓ Ready in 1169ms
2026-02-11T10:35:52: 
2026-02-11T10:35:52: > cakrapamungkas-org@1.0.0 start
2026-02-11T10:35:52: > next start
2026-02-11T10:35:52: 
2026-02-11T10:35:52: ▲ Next.js 16.1.6
2026-02-11T10:35:52: - Local:         http://localhost:3001
2026-02-11T10:35:52: - Network:       http://212.85.26.253:3001
2026-02-11T10:35:52: 
2026-02-11T10:35:52: ✓ Starting...
2026-02-11T10:35:52: ✓ Ready in 522ms
2026-02-11T10:39:58: 
2026-02-11T10:39:58: > cakrapamungkas-org@1.0.0 start
2026-02-11T10:39:58: > next start
2026-02-11T10:39:58: 
2026-02-11T10:39:58: ▲ Next.js 16.1.6
2026-02-11T10:39:58: - Local:         http://localhost:3001
2026-02-11T10:39:58: - Network:       http://212.85.26.253:3001
2026-02-11T10:39:58: 
2026-02-11T10:39:58: ✓ Starting...
2026-02-11T10:39:59: ✓ Ready in 609ms
2026-02-11T10:55:37: 
2026-02-11T10:55:37: > cakrapamungkas-org@1.0.0 start
2026-02-11T10:55:37: > next start
2026-02-11T10:55:37: 
2026-02-11T10:55:38: ▲ Next.js 16.1.6
2026-02-11T10:55:38: - Local:         http://localhost:3001
2026-02-11T10:55:38: - Network:       http://212.85.26.253:3001
2026-02-11T10:55:38: 
2026-02-11T10:55:38: ✓ Starting...
2026-02-11T10:55:38: ✓ Ready in 551ms
2026-02-11T10:59:29: 
2026-02-11T10:59:29: > cakrapamungkas-org@1.0.0 start
2026-02-11T10:59:29: > next start
2026-02-11T10:59:29: 
2026-02-11T10:59:29: ▲ Next.js 16.1.6
2026-02-11T10:59:29: - Local:         http://localhost:3001
2026-02-11T10:59:29: - Network:       http://212.85.26.253:3001
2026-02-11T10:59:29: 
2026-02-11T10:59:29: ✓ Starting...
2026-02-11T10:59:30: ✓ Ready in 544ms
